Dec-05 16:53:43.363 [main] DEBUG nextflow.cli.Launcher - $> nextflow run opossum_wrapper.nf -with-docker 'ubuntu:18.04' --inputFolder ../test_bams/
Dec-05 16:53:43.501 [main] INFO  nextflow.cli.CmdRun - N E X T F L O W  ~  version 20.07.1
Dec-05 16:53:43.516 [main] INFO  nextflow.cli.CmdRun - Launching `opossum_wrapper.nf` [determined_poitras] - revision: 8afad0eb11
Dec-05 16:53:43.545 [main] DEBUG nextflow.config.ConfigBuilder - Found config local: /Users/vikas/Documents/UCSC/rotations/Brooks/rotation_project/U2AF1-allele-bias/opossum/nextflow.config
Dec-05 16:53:43.546 [main] DEBUG nextflow.config.ConfigBuilder - Parsing config file: /Users/vikas/Documents/UCSC/rotations/Brooks/rotation_project/U2AF1-allele-bias/opossum/nextflow.config
Dec-05 16:53:43.584 [main] DEBUG nextflow.config.ConfigBuilder - Applying config profile: `standard`
Dec-05 16:53:44.096 [main] DEBUG nextflow.config.ConfigBuilder - Enabling execution in Docker container as requested by cli option `-with-docker ubuntu:18.04`
Dec-05 16:53:44.156 [main] DEBUG nextflow.Session - Session uuid: b03fa4c2-d61e-46ef-b343-e8da89061a1b
Dec-05 16:53:44.156 [main] DEBUG nextflow.Session - Run name: determined_poitras
Dec-05 16:53:44.157 [main] DEBUG nextflow.Session - Executor pool size: 8
Dec-05 16:53:44.176 [main] DEBUG nextflow.cli.CmdRun - 
  Version: 20.07.1 build 5412
  Created: 24-07-2020 15:18 UTC (08:18 PDT)
  System: Mac OS X 10.15.7
  Runtime: Groovy 2.5.11 on Java HotSpot(TM) 64-Bit Server VM 1.8.0_144-b01
  Encoding: UTF-8 (UTF-8)
  Process: 26920@MacBook-Pro-2.local [127.0.0.1]
  CPUs: 8 - Mem: 16 GB (123.5 MB) - Swap: 2 GB (1.2 GB)
Dec-05 16:53:44.191 [main] DEBUG nextflow.Session - Work-dir: /Users/vikas/Documents/UCSC/rotations/Brooks/rotation_project/U2AF1-allele-bias/opossum/work [Mac OS X]
Dec-05 16:53:44.191 [main] DEBUG nextflow.Session - Script base path does not exist or is not a directory: /Users/vikas/Documents/UCSC/rotations/Brooks/rotation_project/U2AF1-allele-bias/opossum/bin
Dec-05 16:53:44.303 [main] DEBUG nextflow.Session - Observer factory: TowerFactory
Dec-05 16:53:44.306 [main] DEBUG nextflow.Session - Observer factory: DefaultObserverFactory
Dec-05 16:53:44.494 [main] DEBUG nextflow.Session - Session start invoked
Dec-05 16:53:44.692 [main] DEBUG nextflow.script.ScriptRunner - > Launching execution
Dec-05 16:53:44.704 [main] DEBUG nextflow.Session - Workflow process names [dsl1]: runOpossum
Dec-05 16:53:44.749 [PathVisitor-1] DEBUG nextflow.file.PathVisitor - files for syntax: glob; folder: ../test_bams/; pattern: *.bam; options: [:]
Dec-05 16:53:44.796 [main] DEBUG nextflow.script.ProcessConfig - Config settings `withName:runOpossum` matches process runOpossum
Dec-05 16:53:44.801 [main] DEBUG nextflow.executor.ExecutorFactory - << taskConfig executor: null
Dec-05 16:53:44.801 [main] DEBUG nextflow.executor.ExecutorFactory - >> processorType: 'local'
Dec-05 16:53:44.806 [main] DEBUG nextflow.executor.Executor - [warm up] executor > local
Dec-05 16:53:44.812 [main] DEBUG n.processor.LocalPollingMonitor - Creating local task monitor for executor 'local' > cpus=8; memory=16 GB; capacity=8; pollInterval=100ms; dumpInterval=5m
Dec-05 16:53:44.909 [main] DEBUG nextflow.script.ScriptRunner - > Await termination 
Dec-05 16:53:44.909 [main] DEBUG nextflow.Session - Session await
Dec-05 16:53:45.080 [Task submitter] DEBUG nextflow.executor.LocalTaskHandler - Launch cmd line: /bin/bash -ue .command.run
Dec-05 16:53:45.084 [Task submitter] INFO  nextflow.Session - [b1/74a4d7] Submitted process > runOpossum (1)
Dec-05 16:53:45.098 [Task submitter] DEBUG nextflow.executor.LocalTaskHandler - Launch cmd line: /bin/bash -ue .command.run
Dec-05 16:53:45.098 [Task submitter] INFO  nextflow.Session - [d0/1975d8] Submitted process > runOpossum (2)
Dec-05 16:53:53.161 [Task monitor] DEBUG n.processor.TaskPollingMonitor - Task completed > TaskHandler[id: 2; name: runOpossum (2); status: COMPLETED; exit: 0; error: -; workDir: /Users/vikas/Documents/UCSC/rotations/Brooks/rotation_project/U2AF1-allele-bias/opossum/work/d0/1975d85ed5f580a7417bb2282ea619]
Dec-05 16:53:53.167 [Task submitter] DEBUG nextflow.executor.LocalTaskHandler - Launch cmd line: /bin/bash -ue .command.run
Dec-05 16:53:53.168 [Task submitter] INFO  nextflow.Session - [23/82c8e6] Submitted process > runOpossum (3)
Dec-05 16:53:53.413 [Task monitor] DEBUG n.processor.TaskPollingMonitor - Task completed > TaskHandler[id: 3; name: runOpossum (1); status: COMPLETED; exit: 0; error: -; workDir: /Users/vikas/Documents/UCSC/rotations/Brooks/rotation_project/U2AF1-allele-bias/opossum/work/b1/74a4d76bf7cce25335f3b185ffe243]
Dec-05 16:54:01.162 [Task monitor] DEBUG n.processor.TaskPollingMonitor - Task completed > TaskHandler[id: 1; name: runOpossum (3); status: COMPLETED; exit: 0; error: -; workDir: /Users/vikas/Documents/UCSC/rotations/Brooks/rotation_project/U2AF1-allele-bias/opossum/work/23/82c8e6622a11d26b3a70649194c5de]
Dec-05 16:54:01.166 [main] DEBUG nextflow.Session - Session await > all process finished
Dec-05 16:54:01.266 [main] DEBUG nextflow.Session - Session await > all barriers passed
Dec-05 16:54:01.285 [main] DEBUG nextflow.trace.WorkflowStatsObserver - Workflow completed > WorkflowStats[succeededCount=3; failedCount=0; ignoredCount=0; cachedCount=0; pendingCount=0; submittedCount=0; runningCount=0; retriesCount=0; abortedCount=0; succeedDuration=48.4s; failedDuration=0ms; cachedDuration=0ms;loadCpus=0; loadMemory=0; peakRunning=2; peakCpus=4; peakMemory=12 GB; ]
Dec-05 16:54:01.407 [main] DEBUG nextflow.CacheDB - Closing CacheDB done
Dec-05 16:54:01.426 [main] DEBUG nextflow.script.ScriptRunner - > Execution complete -- Goodbye
